  ascript.cpp
C:\Users\User\Documents\AresLangProject\include\compiler\detail/state.h(17): warning C4099: 'avm::Symbol': type name first seen using 'class' now seen using 'struct'
  C:\Users\User\Documents\AresLangProject\include\compiler\detail/state.h(17): note: see declaration of 'avm::Symbol'
..\..\..\src\ares\ascript.cpp(105): warning C4244: '=': conversion from 'std::streamoff' to 'size_t', possible loss of data
..\..\..\src\ares\ascript.cpp(118): warning C4244: '=': conversion from 'std::streamoff' to 'size_t', possible loss of data
C:\Users\User\Documents\AresLangProject\include\compiler\detail/ast_handler.h(207): warning C4244: 'argument': conversion from 'double' to 'avm::AVMInteger_t', possible loss of data
  C:\Users\User\Documents\AresLangProject\include\compiler\detail/ast_handler.h(144): note: see reference to function template instantiation 'std::unique_ptr<avm::AstNode,std::default_delete<_Ty>> avm::AstHandler::optimize_bin_op<avm::AstInteger,avm::AstInteger,avm::AstInteger>(avm::AstNode *,avm::AstNode *,avm::BinaryOp)' being compiled
          with
          [
              _Ty=avm::AstNode
          ]
  C:\Users\User\Documents\AresLangProject\include\compiler\detail/syntax/operators.h(119): note: see reference to class template instantiation 'std::initializer_list<std::pair<const _Kty,_Ty>>' being compiled
          with
          [
              _Kty=avm::BinaryOp,
              _Ty=int
          ]
  main.cpp
C:\Users\User\Documents\AresLangProject\include\ares\platform/loadlib_windows.h(4): warning C4005: '_UNICODE': macro redefinition
  C:\Users\User\Documents\AresLangProject\include\ares\platform/loadlib_windows.h(4): note: command-line arguments:  see previous definition of '_UNICODE'
C:\Users\User\Documents\AresLangProject\include\ares\platform/loadlib_windows.h(5): warning C4005: 'UNICODE': macro redefinition
  C:\Users\User\Documents\AresLangProject\include\ares\platform/loadlib_windows.h(5): note: command-line arguments:  see previous definition of 'UNICODE'
..\..\..\src\ares\main.cpp(21): warning C4244: 'initializing': conversion from 'std::streamoff' to 'size_t', possible loss of data
..\..\..\src\ares\main.cpp(91): warning C4244: 'initializing': conversion from 'std::streamoff' to 'size_t', possible loss of data
  loadlib_windows.cpp
C:\Users\User\Documents\AresLangProject\include\ares\platform/loadlib_windows.h(4): warning C4005: '_UNICODE': macro redefinition
  C:\Users\User\Documents\AresLangProject\include\ares\platform/loadlib_windows.h(4): note: command-line arguments:  see previous definition of '_UNICODE'
C:\Users\User\Documents\AresLangProject\include\ares\platform/loadlib_windows.h(5): warning C4005: 'UNICODE': macro redefinition
  C:\Users\User\Documents\AresLangProject\include\ares\platform/loadlib_windows.h(5): note: command-line arguments:  see previous definition of 'UNICODE'
  rtlib.cpp
  Generating code
  148 of 5947 functions ( 2.5%) were compiled, the rest were copied from previous compilation.
    19 functions were new in current compilation
    59 functions had inline decision re-evaluated but remain unchanged
  Finished generating code
  AresLang.vcxproj -> C:\Users\User\Documents\AresLangProject\vs14\AresLang\Release\AresLang.exe
