c:\users\user\documents\areslangproject\plugins\arui\vs14\release\arui.lib
c:\users\user\documents\areslangproject\plugins\arui\vs14\release\arui.exp
c:\users\user\documents\areslangproject\plugins\arui\vs14\arui\release\arui.pch
c:\users\user\documents\areslangproject\plugins\arui\vs14\arui\release\vc140.pdb
c:\users\user\documents\areslangproject\plugins\arui\vs14\arui\release\stdafx.obj
c:\users\user\documents\areslangproject\plugins\arui\vs14\arui\release\dllmain.obj
c:\users\user\documents\areslangproject\plugins\arui\vs14\arui\release\shader.obj
c:\users\user\documents\areslangproject\plugins\arui\vs14\arui\release\quad.obj
c:\users\user\documents\areslangproject\plugins\arui\vs14\arui\release\panelwidget.obj
c:\users\user\documents\areslangproject\plugins\arui\vs14\arui\release\mesh.obj
c:\users\user\documents\areslangproject\plugins\arui\vs14\arui\release\vector4.obj
c:\users\user\documents\areslangproject\plugins\arui\vs14\arui\release\vector3.obj
c:\users\user\documents\areslangproject\plugins\arui\vs14\arui\release\vector2.obj
c:\users\user\documents\areslangproject\plugins\arui\vs14\arui\release\quaternion.obj
c:\users\user\documents\areslangproject\plugins\arui\vs14\arui\release\matrix_util.obj
c:\users\user\documents\areslangproject\plugins\arui\vs14\arui\release\matrix4.obj
c:\users\user\documents\areslangproject\plugins\arui\vs14\arui\release\math_util.obj
c:\users\user\documents\areslangproject\plugins\arui\vs14\arui\release\arui.obj
c:\users\user\documents\areslangproject\plugins\arui\vs14\arui\release\widget.obj
c:\users\user\documents\areslangproject\plugins\arui\vs14\arui\release\texture.obj
c:\users\user\documents\areslangproject\plugins\arui\vs14\arui\release\buttonwidget.obj
c:\users\user\documents\areslangproject\plugins\arui\vs14\arui\release\font.obj
c:\users\user\documents\areslangproject\plugins\arui\vs14\release\arui.dll
c:\users\user\documents\areslangproject\plugins\arui\vs14\release\arui.ipdb
c:\users\user\documents\areslangproject\plugins\arui\vs14\release\arui.iobj
c:\users\user\documents\areslangproject\plugins\arui\vs14\release\arui.pdb
c:\users\user\documents\areslangproject\plugins\arui\vs14\arui\release\arui.tlog\arui.write.1u.tlog
c:\users\user\documents\areslangproject\plugins\arui\vs14\arui\release\arui.tlog\cl.command.1.tlog
c:\users\user\documents\areslangproject\plugins\arui\vs14\arui\release\arui.tlog\cl.read.1.tlog
c:\users\user\documents\areslangproject\plugins\arui\vs14\arui\release\arui.tlog\cl.write.1.tlog
c:\users\user\documents\areslangproject\plugins\arui\vs14\arui\release\arui.tlog\link.command.1.tlog
c:\users\user\documents\areslangproject\plugins\arui\vs14\arui\release\arui.tlog\link.read.1.tlog
c:\users\user\documents\areslangproject\plugins\arui\vs14\arui\release\arui.tlog\link.write.1.tlog
