  arraylist.cpp
  avm.cpp
..\..\..\src\avm\avm.cpp(432): warning C4244: '=': conversion from 'uint64_t' to 'unsigned long', possible loss of data
..\..\..\src\avm\avm.cpp(725): warning C4800: 'uint8_t': forcing value to bool 'true' or 'false' (performance warning)
C:\Users\User\Documents\AresLangProject\include\avm\detail/variable.h(114): warning C4800: 'avm::AVMInteger_t': forcing value to bool 'true' or 'false' (performance warning)
  C:\Users\User\Documents\AresLangProject\include\avm\detail/variable.h(99): note: see reference to function template instantiation 'bool avm::Variable::GetValue<Decayed,T>(void)' being compiled
          with
          [
              T=bool
          ]
  ..\..\..\src\avm\avm.cpp(340): note: see reference to function template instantiation 'T avm::Variable::Cast<bool>(void)' being compiled
          with
          [
              T=bool
          ]
C:\Users\User\Documents\AresLangProject\include\avm\detail/variable.h(116): warning C4800: 'avm::AVMFloat_t': forcing value to bool 'true' or 'false' (performance warning)
  byte_stream.cpp
  check_args.cpp
  frame.cpp
  function.cpp
..\..\..\src\avm\function.cpp(25): warning C4244: 'argument': conversion from 'uint64_t' to 'size_t', possible loss of data
  heap.cpp
  object.cpp
  reference.cpp
  variable.cpp
..\..\..\src\avm\variable.cpp(128): warning C4244: '=': conversion from 'double' to 'avm::AVMInteger_t', possible loss of data
  vm_state.cpp
  AresVM.vcxproj -> C:\Users\User\Documents\AresLangProject\vs14\AresLang\Release\AresVM.lib
