  acompiler.cpp
C:\Users\User\Documents\AresLangProject\include\compiler\detail/state.h(17): warning C4099: 'avm::Symbol': type name first seen using 'class' now seen using 'struct'
  C:\Users\User\Documents\AresLangProject\include\compiler\detail/state.h(17): note: see declaration of 'avm::Symbol'
..\..\..\src\compiler\acompiler.cpp(80): warning C4018: '<': signed/unsigned mismatch
C:\Users\User\Documents\AresLangProject\include\compiler\detail/ast_handler.h(206): warning C4244: 'argument': conversion from 'double' to 'avm::AVMInteger_t', possible loss of data
  C:\Users\User\Documents\AresLangProject\include\compiler\detail/ast_handler.h(145): note: see reference to function template instantiation 'std::unique_ptr<avm::AstNode,std::default_delete<_Ty>> avm::AstHandler::optimize_bin_op<avm::AstInteger,avm::AstInteger,avm::AstInteger>(avm::AstNode *,avm::AstNode *,avm::BinaryOp)' being compiled
          with
          [
              _Ty=avm::AstNode
          ]
  C:\Users\User\Documents\AresLangProject\include\compiler\detail/syntax/operators.h(119): note: see reference to class template instantiation 'std::initializer_list<std::pair<const _Kty,_Ty>>' being compiled
          with
          [
              _Kty=avm::BinaryOp,
              _Ty=int
          ]
  semantic.cpp
C:\Users\User\Documents\AresLangProject\include\compiler\detail/state.h(17): warning C4099: 'avm::Symbol': type name first seen using 'class' now seen using 'struct'
  C:\Users\User\Documents\AresLangProject\include\compiler\detail/state.h(17): note: see declaration of 'avm::Symbol'
C:\Users\User\Documents\AresLangProject\include\compiler\detail/ast_handler.h(206): warning C4244: 'argument': conversion from 'double' to 'avm::AVMInteger_t', possible loss of data
  C:\Users\User\Documents\AresLangProject\include\compiler\detail/ast_handler.h(145): note: see reference to function template instantiation 'std::unique_ptr<avm::AstNode,std::default_delete<_Ty>> avm::AstHandler::optimize_bin_op<avm::AstInteger,avm::AstInteger,avm::AstInteger>(avm::AstNode *,avm::AstNode *,avm::BinaryOp)' being compiled
          with
          [
              _Ty=avm::AstNode
          ]
  C:\Users\User\Documents\AresLangProject\include\compiler\detail/syntax/operators.h(119): note: see reference to class template instantiation 'std::initializer_list<std::pair<const _Kty,_Ty>>' being compiled
          with
          [
              _Kty=avm::BinaryOp,
              _Ty=int
          ]
  AresCompiler.vcxproj -> C:\Users\User\Documents\AresLangProject\vs14\AresLang\Release\AresCompiler.lib
